-------------------------------------------------------------------------------
Test set: API.CreateUserTest
-------------------------------------------------------------------------------
Tests run: 5, Failures: 1, Errors: 0, Skipped: 0, Time elapsed: 7.379 s <<< FAILURE! - in API.CreateUserTest
testCreateUserInvalidFormatLocationStreet(API.CreateUserTest)  Time elapsed: 0.477 s  <<< FAILURE!
java.lang.AssertionError: expected:<400> but was:<200>
	at API.CreateUserTest.testCreateUserInvalidFormatLocationStreet(CreateUserTest.java:191)

