-------------------------------------------------------------------------------
Test set: API.DeleteUser
-------------------------------------------------------------------------------
Tests run: 5, Failures: 1, Errors: 0, Skipped: 0, Time elapsed: 4.797 s <<< FAILURE! - in API.DeleteUser
tc6DeleteUserWithInvalidUserId(API.DeleteUser)  Time elapsed: 0.363 s  <<< FAILURE!
java.lang.AssertionError: Expected status code 404 Not Found expected:<404> but was:<400>
	at API.DeleteUser.tc6DeleteUserWithInvalidUserId(DeleteUser.java:114)

