-------------------------------------------------------------------------------
Test set: API.DeleteUserTest
-------------------------------------------------------------------------------
Tests run: 5, Failures: 1, Errors: 0, Skipped: 0, Time elapsed: 4.723 s <<< FAILURE! - in API.DeleteUserTest
tc6DeleteUserWithInvalidUserId(API.DeleteUserTest)  Time elapsed: 0.35 s  <<< FAILURE!
java.lang.AssertionError: Expected status code 404 Not Found expected:<404> but was:<400>
	at API.DeleteUserTest.tc6DeleteUserWithInvalidUserId(DeleteUserTest.java:83)

