-------------------------------------------------------------------------------
Test set: API.GetUser
-------------------------------------------------------------------------------
Tests run: 1, Failures: 1, Errors: 0, Skipped: 0, Time elapsed: 2.559 s <<< FAILURE! - in API.GetUser
testGetUserDataWithValidAppIdAndValidUserId(API.GetUser)  Time elapsed: 2.538 s  <<< FAILURE!
java.lang.AssertionError: 
1 expectation failed.
Expected status code <200> but was <404>.

	at API.GetUser.testGetUserDataWithValidAppIdAndValidUserId(GetUser.java:28)

