<?xml version="1.0" encoding="UTF-8"?>
<testsuite xmlns:xsi="http://www.w3.org/2001/XMLSchema-instance" xsi:noNamespaceSchemaLocation="https://maven.apache.org/surefire/maven-surefire-plugin/xsd/surefire-test-report.xsd" name="API.DeleteUserTest" time="2.218" tests="5" errors="0" skipped="0" failures="1">
  <properties>
[...]
</properties>
  <testcase name="tc2DeleteUserWithInvalidUserIdAndWithoutAppId" classname="API.DeleteUserTest" time="0.436"/>
  <testcase name="tc3DeleteUserWithValidUserIdAndInvalidAppId" classname="API.DeleteUserTest" time="0.437"/>
  <testcase name="tc4DeleteUserWithInvalidUserIdAndInvalidAppId" classname="API.DeleteUserTest" time="0.456"/>
  <testcase name="tc6DeleteUserWithInvalidUserId" classname="API.DeleteUserTest" time="0.442">
    <failure message="Expected status code 404 Not Found expected:&lt;404&gt; but was:&lt;400&gt;" type="java.lang.AssertionError"><![CDATA[java.lang.AssertionError: Expected status code 404 Not Found expected:<404> but was:<400>
	at API.DeleteUserTest.tc6DeleteUserWithInvalidUserId(DeleteUserTest.java:83)
]]></failure>
  </testcase>
  <testcase name="tc1DeleteUserWithValidUserIdAndWithoutAppId" classname="API.DeleteUserTest" time="0.43"/>
</testsuite>