<?xml version="1.0" encoding="UTF-8"?>
<testsuite xmlns:xsi="http://www.w3.org/2001/XMLSchema-instance" xsi:noNamespaceSchemaLocation="https://maven.apache.org/surefire/maven-surefire-plugin/xsd/surefire-test-report.xsd" name="API.UpdateUserTest" time="5.995" tests="5" errors="0" skipped="0" failures="2">
  <properties>
[...]
</properties>
  <testcase name="UpdateSomeUserDataWithAppIdRegistered" classname="API.UpdateUserTest" time="3.491">
    <failure message="1 expectation failed.&#10;Expected status code &lt;400&gt; but was &lt;200&gt;.&#10;" type="java.lang.AssertionError"><![CDATA[java.lang.AssertionError: 
1 expectation failed.
Expected status code <400> but was <200>.

	at API.UpdateUserTest.UpdateSomeUserDataWithAppIdRegistered(UpdateUserTest.java:65)
]]></failure>
  </testcase>
  <testcase name="UpdateAllUserDataWithAppIdRegistered" classname="API.UpdateUserTest" time="0.92">
    <failure message="1 expectation failed.&#10;Expected status code &lt;400&gt; but was &lt;200&gt;.&#10;" type="java.lang.AssertionError"><![CDATA[java.lang.AssertionError: 
1 expectation failed.
Expected status code <400> but was <200>.

	at API.UpdateUserTest.UpdateAllUserDataWithAppIdRegistered(UpdateUserTest.java:44)
]]></failure>
  </testcase>
  <testcase name="UpdateAllUserDataWithoutEmailDataWithRegisteredAppId" classname="API.UpdateUserTest" time="0.503"/>
  <testcase name="UpdateFirstNameInRange2to50WithRegisteredAppId" classname="API.UpdateUserTest" time="0.508"/>
  <testcase name="UpdateSomeUserDataWithoutEmailDataWithRegisteredAppId" classname="API.UpdateUserTest" time="0.505"/>
</testsuite>